android/android_shopping/album/build/intermediates/manifest_merge_blame_file/debug/manifest-merger-blame-debug-report.txt
1<?xml version="1.0" encoding="utf-8"?>
2<manifest xmlns:android="http://schemas.android.com/apk/res/android"
3    package="com.xsy.photo"
4    android:versionCode="1"
5    android:versionName="1.0" >
6
7    <uses-sdk
8        android:minSdkVersion="15"
8-->src\main\AndroidManifest.xml
9        android:targetSdkVersion="26" />
9-->src\main\AndroidManifest.xml
10
11    <uses-permission android:name="android.permission.INTERNET" />
11-->src\main\AndroidManifest.xml:6:5-67
11-->src\main\AndroidManifest.xml:6:22-64
12    <uses-permission android:name="android.permission.ACCESS_NETWORK_STATE" />
12-->src\main\AndroidManifest.xml:7:5-79
12-->src\main\AndroidManifest.xml:7:22-76
13    <uses-permission android:name="android.permission.WRITE_EXTERNAL_STORAGE" />
13-->src\main\AndroidManifest.xml:8:5-81
13-->src\main\AndroidManifest.xml:8:22-78
14
15    <uses-feature android:name="android.hardware.camera" />
15-->src\main\AndroidManifest.xml:10:5-60
15-->src\main\AndroidManifest.xml:10:19-57
16    <uses-feature android:name="android.hardware.camera.autofocus" />
16-->src\main\AndroidManifest.xml:11:5-70
16-->src\main\AndroidManifest.xml:11:19-67
17
18    <uses-permission android:name="android.permission.CAMERA" />
18-->src\main\AndroidManifest.xml:12:5-65
18-->src\main\AndroidManifest.xml:12:22-62
19    <uses-permission android:name="android.permission.READ_EXTERNAL_STORAGE" />
19-->src\main\AndroidManifest.xml:14:5-80
19-->src\main\AndroidManifest.xml:14:22-77
20    <uses-permission android:name="android.permission.MOUNT_UNMOUNT_FILESYSTEMS" />
20-->src\main\AndroidManifest.xml:15:5-84
20-->src\main\AndroidManifest.xml:15:22-81
21
22    <application
22-->src\main\AndroidManifest.xml:17:5-33:19
23        android:name="com.xsy.photo.base.MyApplication"
23-->src\main\AndroidManifest.xml:18:9-56
24        android:allowBackup="true"
24-->src\main\AndroidManifest.xml:19:9-35
25        android:icon="@drawable/ic_launcher_1"
25-->src\main\AndroidManifest.xml:20:9-47
26        android:label="@string/app_name"
26-->src\main\AndroidManifest.xml:21:9-41
27        android:theme="@android:style/Theme.Light.NoTitleBar" >
27-->src\main\AndroidManifest.xml:22:9-62
28        <activity
28-->src\main\AndroidManifest.xml:23:9-26:47
29            android:name="com.xsy.photo.MainActivity"
29-->src\main\AndroidManifest.xml:24:13-54
30            android:hardwareAccelerated="true"
30-->src\main\AndroidManifest.xml:25:13-47
31            android:label="@string/app_name" />
31-->src\main\AndroidManifest.xml:26:13-45
32        <activity android:name="com.xsy.photo.activity.ViewPhotosActivity" />
32-->src\main\AndroidManifest.xml:27:8-76
32-->src\main\AndroidManifest.xml:27:18-74
33        <activity
33-->src\main\AndroidManifest.xml:29:9-30:51
34            android:name="com.xsy.photo.album.PickBigImagesActivity"
34-->src\main\AndroidManifest.xml:29:19-62
35            android:screenOrientation="portrait" />
35-->src\main\AndroidManifest.xml:30:13-49
36        <activity
36-->src\main\AndroidManifest.xml:31:9-32:57
37            android:name="com.xsy.photo.album.PickOrTakeImageActivity"
37-->src\main\AndroidManifest.xml:31:19-64
38            android:screenOrientation="portrait" />
38-->src\main\AndroidManifest.xml:32:19-55
39    </application>
40
41</manifest>